<?xml version="1.0" encoding="UTF-8"?>
<!-- Generated by org.testng.reporters.JUnitXMLReporter -->
<testsuite ignored="0" hostname="DELL" failures="1" tests="6" name="crometest" time="28.068" errors="0" timestamp="2022-10-07T11:06:24 IST">
  <testcase classname="com.Saucdemo.Testclass.TestClassLogoutFunctonality" name="verifylogoutFunctionality" time="0.352"/>
  <testcase classname="com.Saucdemo.Testclass.TestClassAplyTheFilter" name="verifyfilteraply" time="0.236">
    <failure type="java.lang.AssertionError" message="expected [Name (A to Z)
Name (Z to A)
Price (low to high)
Price (high to low)] but found [Price (high to low)]]">
      <![CDATA[java.lang.AssertionError: expected [Name (A to Z)
Name (Z to A)
Price (low to high)
Price (high to low)] but found [Price (high to low)]]
at com.Saucdemo.Testclass.TestClassAplyTheFilter.verifyfilteraply(TestClassAplyTheFilter.java:32)
at java.base/java.util.ArrayList.forEach(ArrayList.java:1511)
... Removed 33 stack frames]]>
    </failure>
  </testcase> <!-- verifyfilteraply -->
  <testcase classname="com.Saucdemo.Testclass.TestClassAddtoCartProduct" name="VerifyAddtocart" time="0.39"/>
  <testcase classname="com.Saucdemo.Testclass.Testclass4Proceedtocheckout" name="verifyproceedtocheckout" time="0.422"/>
  <testcase classname="com.Saucdemo.Testclass.TestClassmultipleElementaddtocart" name="verifyaddmultipleproduct" time="0.399"/>
  <testcase classname="com.Saucdemo.Testclass.TestClassLoginfunctionality" name="verifyloginfunctionality" time="0.01"/>
</testsuite> <!-- crometest -->
