<?xml version="1.0" encoding="UTF-8"?>
<!-- Generated by org.testng.reporters.JUnitXMLReporter -->
<testsuite ignored="0" hostname="DELL" failures="2" tests="6" name="firefoxtest" time="85.613" errors="0" timestamp="2022-10-08T07:11:09 IST">
  <testcase classname="com.Saucdemo.Testclass.TestClassLogoutFunctonality" name="verifylogoutFunctionality" time="0.852">
    <failure type="org.openqa.selenium.ElementNotInteractableException" message="Element &amp;lt;a id=&amp;quot;logout_sidebar_link&amp;quot; class=&amp;quot;bm-item menu-item&amp;quot; href=&amp;quot;#&amp;quot;&amp;gt; could not be scrolled into view
Build info: version: &amp;apos;4.4.0&amp;apos;, revision: &amp;apos;e5c75ed026a&amp;apos;
System info: host: &amp;apos;DELL&amp;apos;, ip: &amp;apos;192.168.0.101&amp;apos;, os.name: &amp;apos;Windows 10&amp;apos;, os.arch: &amp;apos;amd64&amp;apos;, os.version: &amp;apos;10.0&amp;apos;, java.version: &amp;apos;17.0.3&amp;apos;
Driver info: org.openqa.selenium.firefox.FirefoxDriver
Command: [390a1cb3-ef69-4eaf-8bc3-a846421b2dd9, clickElement {id=d562f1f7-138c-4ae8-acd6-d5cd3ef3b22a}]
Capabilities {acceptInsecureCerts: true, browserName: firefox, browserVersion: 105.0.1, moz:accessibilityChecks: false, moz:buildID: 20220922151854, moz:debuggerAddress: 127.0.0.1:62475, moz:geckodriverVersion: 0.31.0, moz:headless: false, moz:platformVersion: 10.0, moz:processID: 12720, moz:profile: C:\Users\USER\AppData\Local..., moz:shutdownTimeout: 60000, moz:useNonSpecCompliantPointerOrigin: false, moz:webdriverClick: true, moz:windowless: false, pageLoadStrategy: normal, platformName: WINDOWS, proxy: Proxy(), se:cdp: ws://127.0.0.1:62475/devtoo..., se:cdpVersion: 85.0, setWindowRect: true, strictFileInteractability: false, timeouts: {implicit: 0, pageLoad: 300000, script: 30000}, unhandledPromptBehavior: dismiss and notify}
Element: [[FirefoxDriver: firefox on WINDOWS (390a1cb3-ef69-4eaf-8bc3-a846421b2dd9)] -&amp;gt; xpath: //a[@id=&amp;apos;logout_sidebar_link&amp;apos;]]
Session ID: 390a1cb3-ef69-4eaf-8bc3-a846421b2dd9">
      <![CDATA[org.openqa.selenium.ElementNotInteractableException: Element <a id="logout_sidebar_link" class="bm-item menu-item" href="#"> could not be scrolled into view
Build info: version: '4.4.0', revision: 'e5c75ed026a'
System info: host: 'DELL', ip: '192.168.0.101', os.name: 'Windows 10', os.arch: 'amd64', os.version: '10.0', java.version: '17.0.3'
Driver info: org.openqa.selenium.firefox.FirefoxDriver
Command: [390a1cb3-ef69-4eaf-8bc3-a846421b2dd9, clickElement {id=d562f1f7-138c-4ae8-acd6-d5cd3ef3b22a}]
Capabilities {acceptInsecureCerts: true, browserName: firefox, browserVersion: 105.0.1, moz:accessibilityChecks: false, moz:buildID: 20220922151854, moz:debuggerAddress: 127.0.0.1:62475, moz:geckodriverVersion: 0.31.0, moz:headless: false, moz:platformVersion: 10.0, moz:processID: 12720, moz:profile: C:\Users\USER\AppData\Local..., moz:shutdownTimeout: 60000, moz:useNonSpecCompliantPointerOrigin: false, moz:webdriverClick: true, moz:windowless: false, pageLoadStrategy: normal, platformName: WINDOWS, proxy: Proxy(), se:cdp: ws://127.0.0.1:62475/devtoo..., se:cdpVersion: 85.0, setWindowRect: true, strictFileInteractability: false, timeouts: {implicit: 0, pageLoad: 300000, script: 30000}, unhandledPromptBehavior: dismiss and notify}
Element: [[FirefoxDriver: firefox on WINDOWS (390a1cb3-ef69-4eaf-8bc3-a846421b2dd9)] -> xpath: //a[@id='logout_sidebar_link']]
Session ID: 390a1cb3-ef69-4eaf-8bc3-a846421b2dd9
at org.openqa.selenium.remote.codec.w3c.W3CHttpResponseCodec.createException(W3CHttpResponseCodec.java:200)
at org.openqa.selenium.remote.codec.w3c.W3CHttpResponseCodec.decode(W3CHttpResponseCodec.java:133)
at org.openqa.selenium.remote.codec.w3c.W3CHttpResponseCodec.decode(W3CHttpResponseCodec.java:53)
at org.openqa.selenium.remote.HttpCommandExecutor.execute(HttpCommandExecutor.java:184)
at org.openqa.selenium.remote.service.DriverCommandExecutor.invokeExecute(DriverCommandExecutor.java:167)
at org.openqa.selenium.remote.service.DriverCommandExecutor.execute(DriverCommandExecutor.java:142)
at org.openqa.selenium.remote.RemoteWebDriver.execute(RemoteWebDriver.java:547)
at org.openqa.selenium.remote.RemoteWebElement.execute(RemoteWebElement.java:257)
at org.openqa.selenium.remote.RemoteWebElement.click(RemoteWebElement.java:78)
at org.openqa.selenium.support.pagefactory.internal.LocatingElementHandler.invoke(LocatingElementHandler.java:52)
at jdk.proxy2/jdk.proxy2.$Proxy17.click(Unknown Source)
at com.Saucdemo.PomClass.SaucHomepagePomClass.clickLogout(SaucHomepagePomClass.java:27)
at com.Saucdemo.Testclass.TestClassLogoutFunctonality.verifylogoutFunctionality(TestClassLogoutFunctonality.java:26)
at java.base/java.util.ArrayList.forEach(ArrayList.java:1511)
... Removed 36 stack frames]]>
    </failure>
  </testcase> <!-- verifylogoutFunctionality -->
  <testcase classname="com.Saucdemo.Testclass.TestClassAplyTheFilter" name="verifyfilteraply" time="1.834">
    <failure type="java.lang.AssertionError" message="expected [Name (A to Z)
Name (Z to A)
Price (low to high)
Price (high to low)] but found [Price (high to low)]]">
      <![CDATA[java.lang.AssertionError: expected [Name (A to Z)
Name (Z to A)
Price (low to high)
Price (high to low)] but found [Price (high to low)]]
at com.Saucdemo.Testclass.TestClassAplyTheFilter.verifyfilteraply(TestClassAplyTheFilter.java:32)
at java.base/java.util.ArrayList.forEach(ArrayList.java:1511)
... Removed 33 stack frames]]>
    </failure>
  </testcase> <!-- verifyfilteraply -->
  <testcase classname="com.Saucdemo.Testclass.TestClassAddtoCartProduct" name="VerifyAddtocart" time="0.308"/>
  <testcase classname="com.Saucdemo.Testclass.Testclass4Proceedtocheckout" name="verifyproceedtocheckout" time="0.843"/>
  <testcase classname="com.Saucdemo.Testclass.TestClassmultipleElementaddtocart" name="verifyaddmultipleproduct" time="1.434"/>
  <testcase classname="com.Saucdemo.Testclass.TestClassLoginfunctionality" name="verifyloginfunctionality" time="0.007"/>
</testsuite> <!-- firefoxtest -->
