<?xml version="1.0" encoding="UTF-8"?>
<!-- Generated by org.testng.reporters.JUnitXMLReporter -->
<testsuite ignored="0" hostname="DELL" failures="0" tests="10" name="Test" time="0.285" errors="0" timestamp="2022-10-07T07:33:52 IST">
  <testcase classname="testNgPackage.TestBaseClass" name="@BeforeMethod setup" time="0.007">
    <failure type="java.lang.NullPointerException" message="Cannot invoke &amp;quot;org.openqa.selenium.WebDriver.manage()&amp;quot; because &amp;quot;this.driver&amp;quot; is null">
      <![CDATA[java.lang.NullPointerException: Cannot invoke "org.openqa.selenium.WebDriver.manage()" because "this.driver" is null
at testNgPackage.TestBaseClass.setup(TestBaseClass.java:35)
at java.base/java.util.ArrayList.forEach(ArrayList.java:1511)
... Removed 31 stack frames]]>
    </failure>
  </testcase> <!-- @BeforeMethod setup -->
  <testcase classname="testNgPackage.TestBaseClass" name="@AfterMethod teardown" time="-1.665108232462E9">
    <skipped/>
  </testcase> <!-- @AfterMethod teardown -->
  <testcase classname="testNgPackage.TestBaseClass" name="@BeforeMethod setup" time="0.003">
    <failure type="java.lang.NullPointerException" message="Cannot invoke &amp;quot;org.openqa.selenium.WebDriver.manage()&amp;quot; because &amp;quot;this.driver&amp;quot; is null">
      <![CDATA[java.lang.NullPointerException: Cannot invoke "org.openqa.selenium.WebDriver.manage()" because "this.driver" is null
at testNgPackage.TestBaseClass.setup(TestBaseClass.java:35)
at java.base/java.util.ArrayList.forEach(ArrayList.java:1511)
... Removed 31 stack frames]]>
    </failure>
  </testcase> <!-- @BeforeMethod setup -->
  <testcase classname="testNgPackage.TestBaseClass" name="@AfterMethod teardown" time="-1.665108232512E9">
    <skipped/>
  </testcase> <!-- @AfterMethod teardown -->
  <testcase classname="testNgPackage.TestBaseClass" name="@BeforeMethod setup" time="0.0">
    <failure type="java.lang.NullPointerException" message="Cannot invoke &amp;quot;org.openqa.selenium.WebDriver.manage()&amp;quot; because &amp;quot;this.driver&amp;quot; is null">
      <![CDATA[java.lang.NullPointerException: Cannot invoke "org.openqa.selenium.WebDriver.manage()" because "this.driver" is null
at testNgPackage.TestBaseClass.setup(TestBaseClass.java:35)
at java.base/java.util.ArrayList.forEach(ArrayList.java:1511)
... Removed 31 stack frames]]>
    </failure>
  </testcase> <!-- @BeforeMethod setup -->
  <testcase classname="testNgPackage.TestBaseClass" name="@AfterMethod teardown" time="-1.665108232573E9">
    <skipped/>
  </testcase> <!-- @AfterMethod teardown -->
  <testcase classname="testNgPackage.TestBaseClass" name="@BeforeMethod setup" time="0.001">
    <failure type="java.lang.NullPointerException" message="Cannot invoke &amp;quot;org.openqa.selenium.WebDriver.manage()&amp;quot; because &amp;quot;this.driver&amp;quot; is null">
      <![CDATA[java.lang.NullPointerException: Cannot invoke "org.openqa.selenium.WebDriver.manage()" because "this.driver" is null
at testNgPackage.TestBaseClass.setup(TestBaseClass.java:35)
at java.base/java.util.ArrayList.forEach(ArrayList.java:1511)
... Removed 31 stack frames]]>
    </failure>
  </testcase> <!-- @BeforeMethod setup -->
  <testcase classname="testNgPackage.TestBaseClass" name="@AfterMethod teardown" time="-1.665108232586E9">
    <skipped/>
  </testcase> <!-- @AfterMethod teardown -->
  <testcase classname="testNgPackage.TestBaseClass" name="@BeforeMethod setup" time="0.001">
    <failure type="java.lang.NullPointerException" message="Cannot invoke &amp;quot;org.openqa.selenium.WebDriver.manage()&amp;quot; because &amp;quot;this.driver&amp;quot; is null">
      <![CDATA[java.lang.NullPointerException: Cannot invoke "org.openqa.selenium.WebDriver.manage()" because "this.driver" is null
at testNgPackage.TestBaseClass.setup(TestBaseClass.java:35)
at java.base/java.util.ArrayList.forEach(ArrayList.java:1511)
... Removed 31 stack frames]]>
    </failure>
  </testcase> <!-- @BeforeMethod setup -->
  <testcase classname="testNgPackage.TestBaseClass" name="@AfterMethod teardown" time="-1.665108232611E9">
    <skipped/>
  </testcase> <!-- @AfterMethod teardown -->
  <testcase classname="testNgPackage.TestBaseClass" name="@BeforeMethod setup" time="0.003">
    <failure type="java.lang.NullPointerException" message="Cannot invoke &amp;quot;org.openqa.selenium.WebDriver.manage()&amp;quot; because &amp;quot;this.driver&amp;quot; is null">
      <![CDATA[java.lang.NullPointerException: Cannot invoke "org.openqa.selenium.WebDriver.manage()" because "this.driver" is null
at testNgPackage.TestBaseClass.setup(TestBaseClass.java:35)
at java.base/java.util.ArrayList.forEach(ArrayList.java:1511)
... Removed 31 stack frames]]>
    </failure>
  </testcase> <!-- @BeforeMethod setup -->
  <testcase classname="testNgPackage.TestBaseClass" name="@AfterMethod teardown" time="-1.665108232638E9">
    <skipped/>
  </testcase> <!-- @AfterMethod teardown -->
  <testcase classname="com.Saucdemo.Testclass.TestClassLogoutFunctonality" name="verifylogoutFunctionality" time="0.0">
    <skipped/>
  </testcase> <!-- verifylogoutFunctionality -->
  <testcase classname="com.Saucdemo.Testclass.TestClassAplyTheFilter" name="verifyfilteraply" time="0.0">
    <skipped/>
  </testcase> <!-- verifyfilteraply -->
  <testcase classname="automationPracticeScenario.PrioritySetProgram" name="testc" time="0.004"/>
  <testcase classname="automationPracticeScenario.PrioritySetProgram" name="testc" time="0.002"/>
  <testcase classname="automationPracticeScenario.PrioritySetProgram" name="testc" time="0.007"/>
  <testcase classname="automationPracticeScenario.PrioritySetProgram" name="testA" time="0.004"/>
  <testcase classname="com.Saucdemo.Testclass.TestClassAddtoCartProduct" name="VerifyAddtocart" time="0.0">
    <skipped/>
  </testcase> <!-- VerifyAddtocart -->
  <testcase classname="com.Saucdemo.Testclass.Testclass4Proceedtocheckout" name="verifyproceedtocheckout" time="0.0">
    <skipped/>
  </testcase> <!-- verifyproceedtocheckout -->
  <testcase classname="com.Saucdemo.Testclass.TestClassmultipleElementaddtocart" name="verifyaddmultipleproduct" time="0.0">
    <skipped/>
  </testcase> <!-- verifyaddmultipleproduct -->
  <testcase classname="com.Saucdemo.Testclass.TestClassLoginfunctionality" name="verifyloginfunctionality" time="0.0">
    <skipped/>
  </testcase> <!-- verifyloginfunctionality -->
</testsuite> <!-- Test -->
