<!DOCTYPE html PUBLIC "-//W3C//DTD XHTML 1.1//EN" "https://www.w3.org/TR/xhtml11/DTD/xhtml11.dtd">
<html xmlns="https://www.w3.org/1999/xhtml">
<head>
<meta http-equiv="content-type" content="text/html; charset=UTF-8"/>
<title>TestNG Report</title>
<style type="text/css">table {margin-bottom:10px;border-collapse:collapse;empty-cells:show}th,td {border:1px solid #009;padding:.25em .5em}th {vertical-align:bottom}td {vertical-align:top}table a {font-weight:bold}.stripe td {background-color: #E6EBF9}.num {text-align:right}.passedodd td {background-color: #3F3}.passedeven td {background-color: #0A0}.skippedodd td {background-color: #DDD}.skippedeven td {background-color: #CCC}.failedodd td,.attn {background-color: #F33}.failedeven td,.stripe .attn {background-color: #D00}.stacktrace {white-space:pre;font-family:monospace}.totop {font-size:85%;text-align:center;border-bottom:2px solid #000}.invisible {display:none}</style>
</head>
<body>
<table>
<tr><th>Test</th><th># Passed</th><th># Skipped</th><th># Retried</th><th># Failed</th><th>Time (ms)</th><th>Included Groups</th><th>Excluded Groups</th></tr>
<tr><th colspan="8">Suite</th></tr>
<tr><td><a href="#t0">firefoxtest</a></td><td class="num">4</td><td class="num">0</td><td class="num">0</td><td class="num attn">2</td><td class="num">85,613</td><td></td><td></td></tr>
</table>
<table id='summary'><thead><tr><th>Class</th><th>Method</th><th>Start</th><th>Time (ms)</th></tr></thead><tbody><tr><th colspan="4">Suite</th></tr></tbody><tbody id="t0"><tr><th colspan="4">firefoxtest &#8212; failed</th></tr><tr class="failedeven"><td rowspan="1">com.Saucdemo.Testclass.TestClassAplyTheFilter</td><td><a href="#m0">verifyfilteraply</a></td><td rowspan="1">1665193203900</td><td rowspan="1">1834</td></tr><tr class="failedodd"><td rowspan="1">com.Saucdemo.Testclass.TestClassLogoutFunctonality</td><td><a href="#m1">verifylogoutFunctionality</a></td><td rowspan="1">1665193194655</td><td rowspan="1">852</td></tr><tr><th colspan="4">firefoxtest &#8212; passed</th></tr><tr class="passedeven"><td rowspan="1">com.Saucdemo.Testclass.TestClassAddtoCartProduct</td><td><a href="#m2">VerifyAddtocart</a></td><td rowspan="1">1665193242297</td><td rowspan="1">308</td></tr><tr class="passedodd"><td rowspan="1">com.Saucdemo.Testclass.TestClassLoginfunctionality</td><td><a href="#m3">verifyloginfunctionality</a></td><td rowspan="1">1665193267628</td><td rowspan="1">7</td></tr><tr class="passedeven"><td rowspan="1">com.Saucdemo.Testclass.TestClassmultipleElementaddtocart</td><td><a href="#m4">verifyaddmultipleproduct</a></td><td rowspan="1">1665193258538</td><td rowspan="1">1434</td></tr><tr class="passedodd"><td rowspan="1">com.Saucdemo.Testclass.Testclass4Proceedtocheckout</td><td><a href="#m5">verifyproceedtocheckout</a></td><td rowspan="1">1665193250088</td><td rowspan="1">843</td></tr></tbody>
</table>
<h2>firefoxtest</h2><h3 id="m0">com.Saucdemo.Testclass.TestClassAplyTheFilter#verifyfilteraply</h3><table class="result"><tr><th>Exception</th></tr><tr><td><div class="stacktrace">java.lang.AssertionError: expected [Name (A to Z)
Name (Z to A)
Price (low to high)
Price (high to low)] but found [Price (high to low)]]
	at com.Saucdemo.Testclass.TestClassAplyTheFilter.verifyfilteraply(TestClassAplyTheFilter.java:32)
	at java.base/java.util.ArrayList.forEach(ArrayList.java:1511)
... Removed 33 stack frames</div></td></tr></table><p class="totop"><a href="#summary">back to summary</a></p>
<h3 id="m1">com.Saucdemo.Testclass.TestClassLogoutFunctonality#verifylogoutFunctionality</h3><table class="result"><tr><th>Exception</th></tr><tr><td><div class="stacktrace">org.openqa.selenium.ElementNotInteractableException: Element &lt;a id=&quot;logout_sidebar_link&quot; class=&quot;bm-item menu-item&quot; href=&quot;#&quot;&gt; could not be scrolled into view
Build info: version: &apos;4.4.0&apos;, revision: &apos;e5c75ed026a&apos;
System info: host: &apos;DELL&apos;, ip: &apos;192.168.0.101&apos;, os.name: &apos;Windows 10&apos;, os.arch: &apos;amd64&apos;, os.version: &apos;10.0&apos;, java.version: &apos;17.0.3&apos;
Driver info: org.openqa.selenium.firefox.FirefoxDriver
Command: [390a1cb3-ef69-4eaf-8bc3-a846421b2dd9, clickElement {id=d562f1f7-138c-4ae8-acd6-d5cd3ef3b22a}]
Capabilities {acceptInsecureCerts: true, browserName: firefox, browserVersion: 105.0.1, moz:accessibilityChecks: false, moz:buildID: 20220922151854, moz:debuggerAddress: 127.0.0.1:62475, moz:geckodriverVersion: 0.31.0, moz:headless: false, moz:platformVersion: 10.0, moz:processID: 12720, moz:profile: C:\Users\USER\AppData\Local..., moz:shutdownTimeout: 60000, moz:useNonSpecCompliantPointerOrigin: false, moz:webdriverClick: true, moz:windowless: false, pageLoadStrategy: normal, platformName: WINDOWS, proxy: Proxy(), se:cdp: ws://127.0.0.1:62475/devtoo..., se:cdpVersion: 85.0, setWindowRect: true, strictFileInteractability: false, timeouts: {implicit: 0, pageLoad: 300000, script: 30000}, unhandledPromptBehavior: dismiss and notify}
Element: [[FirefoxDriver: firefox on WINDOWS (390a1cb3-ef69-4eaf-8bc3-a846421b2dd9)] -&gt; xpath: //a[@id=&apos;logout_sidebar_link&apos;]]
Session ID: 390a1cb3-ef69-4eaf-8bc3-a846421b2dd9
	at org.openqa.selenium.remote.codec.w3c.W3CHttpResponseCodec.createException(W3CHttpResponseCodec.java:200)
	at org.openqa.selenium.remote.codec.w3c.W3CHttpResponseCodec.decode(W3CHttpResponseCodec.java:133)
	at org.openqa.selenium.remote.codec.w3c.W3CHttpResponseCodec.decode(W3CHttpResponseCodec.java:53)
	at org.openqa.selenium.remote.HttpCommandExecutor.execute(HttpCommandExecutor.java:184)
	at org.openqa.selenium.remote.service.DriverCommandExecutor.invokeExecute(DriverCommandExecutor.java:167)
	at org.openqa.selenium.remote.service.DriverCommandExecutor.execute(DriverCommandExecutor.java:142)
	at org.openqa.selenium.remote.RemoteWebDriver.execute(RemoteWebDriver.java:547)
	at org.openqa.selenium.remote.RemoteWebElement.execute(RemoteWebElement.java:257)
	at org.openqa.selenium.remote.RemoteWebElement.click(RemoteWebElement.java:78)
	at org.openqa.selenium.support.pagefactory.internal.LocatingElementHandler.invoke(LocatingElementHandler.java:52)
	at jdk.proxy2/jdk.proxy2.$Proxy17.click(Unknown Source)
	at com.Saucdemo.PomClass.SaucHomepagePomClass.clickLogout(SaucHomepagePomClass.java:27)
	at com.Saucdemo.Testclass.TestClassLogoutFunctonality.verifylogoutFunctionality(TestClassLogoutFunctonality.java:26)
	at java.base/java.util.ArrayList.forEach(ArrayList.java:1511)
... Removed 36 stack frames</div></td></tr></table><p class="totop"><a href="#summary">back to summary</a></p>
<h3 id="m2">com.Saucdemo.Testclass.TestClassAddtoCartProduct#VerifyAddtocart</h3><table class="result"><tr><th class="invisible"/></tr></table><p class="totop"><a href="#summary">back to summary</a></p>
<h3 id="m3">com.Saucdemo.Testclass.TestClassLoginfunctionality#verifyloginfunctionality</h3><table class="result"><tr><th class="invisible"/></tr></table><p class="totop"><a href="#summary">back to summary</a></p>
<h3 id="m4">com.Saucdemo.Testclass.TestClassmultipleElementaddtocart#verifyaddmultipleproduct</h3><table class="result"><tr><th class="invisible"/></tr></table><p class="totop"><a href="#summary">back to summary</a></p>
<h3 id="m5">com.Saucdemo.Testclass.Testclass4Proceedtocheckout#verifyproceedtocheckout</h3><table class="result"><tr><th class="invisible"/></tr></table><p class="totop"><a href="#summary">back to summary</a></p>
</body>
</html>
