<?xml version="1.0" encoding="UTF-8"?>
<testng-results ignored="0" total="6" passed="4" failed="2" skipped="0">
  <reporter-output>
  </reporter-output>
  <suite started-at="2022-10-08T07:09:43 IST" name="Suite" finished-at="2022-10-08T07:11:09 IST" duration-ms="85613">
    <groups>
    </groups>
    <test started-at="2022-10-08T07:09:43 IST" name="firefoxtest" finished-at="2022-10-08T07:11:09 IST" duration-ms="85613">
      <class name="com.Saucdemo.Testclass.TestClassAddtoCartProduct">
        <test-method is-config="true" signature="setup(java.lang.String)[pri:0, instance:com.Saucdemo.Testclass.TestClassAddtoCartProduct@7205765b]" started-at="2022-10-08T07:10:08 IST" name="setup" finished-at="2022-10-08T07:10:42 IST" duration-ms="33820" status="PASS">
          <params>
            <param index="0">
              <value>
                <![CDATA[firefox]]>
              </value>
            </param>
          </params>
          <reporter-output>
          </reporter-output>
        </test-method> <!-- setup -->
        <test-method signature="VerifyAddtocart()[pri:0, instance:com.Saucdemo.Testclass.TestClassAddtoCartProduct@7205765b]" started-at="2022-10-08T07:10:42 IST" name="VerifyAddtocart" finished-at="2022-10-08T07:10:42 IST" duration-ms="308" status="PASS">
          <reporter-output>
          </reporter-output>
        </test-method> <!-- VerifyAddtocart -->
        <test-method is-config="true" signature="teardown()[pri:0, instance:com.Saucdemo.Testclass.TestClassAddtoCartProduct@7205765b]" started-at="2022-10-08T07:10:42 IST" name="teardown" finished-at="2022-10-08T07:10:43 IST" duration-ms="1242" status="PASS">
          <reporter-output>
          </reporter-output>
        </test-method> <!-- teardown -->
      </class> <!-- com.Saucdemo.Testclass.TestClassAddtoCartProduct -->
      <class name="com.Saucdemo.Testclass.Testclass4Proceedtocheckout">
        <test-method is-config="true" signature="setup(java.lang.String)[pri:0, instance:com.Saucdemo.Testclass.Testclass4Proceedtocheckout@47987356]" started-at="2022-10-08T07:10:43 IST" name="setup" finished-at="2022-10-08T07:10:50 IST" duration-ms="6239" status="PASS">
          <params>
            <param index="0">
              <value>
                <![CDATA[firefox]]>
              </value>
            </param>
          </params>
          <reporter-output>
          </reporter-output>
        </test-method> <!-- setup -->
        <test-method signature="verifyproceedtocheckout()[pri:0, instance:com.Saucdemo.Testclass.Testclass4Proceedtocheckout@47987356]" started-at="2022-10-08T07:10:50 IST" name="verifyproceedtocheckout" finished-at="2022-10-08T07:10:50 IST" duration-ms="843" status="PASS">
          <reporter-output>
          </reporter-output>
        </test-method> <!-- verifyproceedtocheckout -->
        <test-method is-config="true" signature="teardown()[pri:0, instance:com.Saucdemo.Testclass.Testclass4Proceedtocheckout@47987356]" started-at="2022-10-08T07:10:50 IST" name="teardown" finished-at="2022-10-08T07:10:52 IST" duration-ms="1660" status="PASS">
          <reporter-output>
          </reporter-output>
        </test-method> <!-- teardown -->
      </class> <!-- com.Saucdemo.Testclass.Testclass4Proceedtocheckout -->
      <class name="com.Saucdemo.Testclass.TestClassLogoutFunctonality">
        <test-method is-config="true" signature="setup(java.lang.String)[pri:0, instance:com.Saucdemo.Testclass.TestClassLogoutFunctonality@2df9b86]" started-at="2022-10-08T07:09:43 IST" name="setup" finished-at="2022-10-08T07:09:54 IST" duration-ms="10716" status="PASS">
          <params>
            <param index="0">
              <value>
                <![CDATA[firefox]]>
              </value>
            </param>
          </params>
          <reporter-output>
          </reporter-output>
        </test-method> <!-- setup -->
        <test-method signature="verifylogoutFunctionality()[pri:0, instance:com.Saucdemo.Testclass.TestClassLogoutFunctonality@2df9b86]" started-at="2022-10-08T07:09:54 IST" name="verifylogoutFunctionality" finished-at="2022-10-08T07:09:55 IST" duration-ms="852" status="FAIL">
          <exception class="org.openqa.selenium.ElementNotInteractableException">
            <message>
              <![CDATA[Element <a id="logout_sidebar_link" class="bm-item menu-item" href="#"> could not be scrolled into view
Build info: version: '4.4.0', revision: 'e5c75ed026a'
System info: host: 'DELL', ip: '192.168.0.101', os.name: 'Windows 10', os.arch: 'amd64', os.version: '10.0', java.version: '17.0.3'
Driver info: org.openqa.selenium.firefox.FirefoxDriver
Command: [390a1cb3-ef69-4eaf-8bc3-a846421b2dd9, clickElement {id=d562f1f7-138c-4ae8-acd6-d5cd3ef3b22a}]
Capabilities {acceptInsecureCerts: true, browserName: firefox, browserVersion: 105.0.1, moz:accessibilityChecks: false, moz:buildID: 20220922151854, moz:debuggerAddress: 127.0.0.1:62475, moz:geckodriverVersion: 0.31.0, moz:headless: false, moz:platformVersion: 10.0, moz:processID: 12720, moz:profile: C:\Users\USER\AppData\Local..., moz:shutdownTimeout: 60000, moz:useNonSpecCompliantPointerOrigin: false, moz:webdriverClick: true, moz:windowless: false, pageLoadStrategy: normal, platformName: WINDOWS, proxy: Proxy(), se:cdp: ws://127.0.0.1:62475/devtoo..., se:cdpVersion: 85.0, setWindowRect: true, strictFileInteractability: false, timeouts: {implicit: 0, pageLoad: 300000, script: 30000}, unhandledPromptBehavior: dismiss and notify}
Element: [[FirefoxDriver: firefox on WINDOWS (390a1cb3-ef69-4eaf-8bc3-a846421b2dd9)] -> xpath: //a[@id='logout_sidebar_link']]
Session ID: 390a1cb3-ef69-4eaf-8bc3-a846421b2dd9]]>
            </message>
            <full-stacktrace>
              <![CDATA[org.openqa.selenium.ElementNotInteractableException: Element <a id="logout_sidebar_link" class="bm-item menu-item" href="#"> could not be scrolled into view
Build info: version: '4.4.0', revision: 'e5c75ed026a'
System info: host: 'DELL', ip: '192.168.0.101', os.name: 'Windows 10', os.arch: 'amd64', os.version: '10.0', java.version: '17.0.3'
Driver info: org.openqa.selenium.firefox.FirefoxDriver
Command: [390a1cb3-ef69-4eaf-8bc3-a846421b2dd9, clickElement {id=d562f1f7-138c-4ae8-acd6-d5cd3ef3b22a}]
Capabilities {acceptInsecureCerts: true, browserName: firefox, browserVersion: 105.0.1, moz:accessibilityChecks: false, moz:buildID: 20220922151854, moz:debuggerAddress: 127.0.0.1:62475, moz:geckodriverVersion: 0.31.0, moz:headless: false, moz:platformVersion: 10.0, moz:processID: 12720, moz:profile: C:\Users\USER\AppData\Local..., moz:shutdownTimeout: 60000, moz:useNonSpecCompliantPointerOrigin: false, moz:webdriverClick: true, moz:windowless: false, pageLoadStrategy: normal, platformName: WINDOWS, proxy: Proxy(), se:cdp: ws://127.0.0.1:62475/devtoo..., se:cdpVersion: 85.0, setWindowRect: true, strictFileInteractability: false, timeouts: {implicit: 0, pageLoad: 300000, script: 30000}, unhandledPromptBehavior: dismiss and notify}
Element: [[FirefoxDriver: firefox on WINDOWS (390a1cb3-ef69-4eaf-8bc3-a846421b2dd9)] -> xpath: //a[@id='logout_sidebar_link']]
Session ID: 390a1cb3-ef69-4eaf-8bc3-a846421b2dd9
at java.base/jdk.internal.reflect.NativeConstructorAccessorImpl.newInstance0(Native Method)
at java.base/jdk.internal.reflect.NativeConstructorAccessorImpl.newInstance(NativeConstructorAccessorImpl.java:77)
at java.base/jdk.internal.reflect.DelegatingConstructorAccessorImpl.newInstance(DelegatingConstructorAccessorImpl.java:45)
at java.base/java.lang.reflect.Constructor.newInstanceWithCaller(Constructor.java:499)
at java.base/java.lang.reflect.Constructor.newInstance(Constructor.java:480)
at org.openqa.selenium.remote.codec.w3c.W3CHttpResponseCodec.createException(W3CHttpResponseCodec.java:200)
at org.openqa.selenium.remote.codec.w3c.W3CHttpResponseCodec.decode(W3CHttpResponseCodec.java:133)
at org.openqa.selenium.remote.codec.w3c.W3CHttpResponseCodec.decode(W3CHttpResponseCodec.java:53)
at org.openqa.selenium.remote.HttpCommandExecutor.execute(HttpCommandExecutor.java:184)
at org.openqa.selenium.remote.service.DriverCommandExecutor.invokeExecute(DriverCommandExecutor.java:167)
at org.openqa.selenium.remote.service.DriverCommandExecutor.execute(DriverCommandExecutor.java:142)
at org.openqa.selenium.remote.RemoteWebDriver.execute(RemoteWebDriver.java:547)
at org.openqa.selenium.remote.RemoteWebElement.execute(RemoteWebElement.java:257)
at org.openqa.selenium.remote.RemoteWebElement.click(RemoteWebElement.java:78)
at java.base/jdk.internal.reflect.NativeMethodAccessorImpl.invoke0(Native Method)
at java.base/jdk.internal.reflect.NativeMethodAccessorImpl.invoke(NativeMethodAccessorImpl.java:77)
at java.base/jdk.internal.reflect.DelegatingMethodAccessorImpl.invoke(DelegatingMethodAccessorImpl.java:43)
at java.base/java.lang.reflect.Method.invoke(Method.java:568)
at org.openqa.selenium.support.pagefactory.internal.LocatingElementHandler.invoke(LocatingElementHandler.java:52)
at jdk.proxy2/jdk.proxy2.$Proxy17.click(Unknown Source)
at com.Saucdemo.PomClass.SaucHomepagePomClass.clickLogout(SaucHomepagePomClass.java:27)
at com.Saucdemo.Testclass.TestClassLogoutFunctonality.verifylogoutFunctionality(TestClassLogoutFunctonality.java:26)
at java.base/jdk.internal.reflect.NativeMethodAccessorImpl.invoke0(Native Method)
at java.base/jdk.internal.reflect.NativeMethodAccessorImpl.invoke(NativeMethodAccessorImpl.java:77)
at java.base/jdk.internal.reflect.DelegatingMethodAccessorImpl.invoke(DelegatingMethodAccessorImpl.java:43)
at java.base/java.lang.reflect.Method.invoke(Method.java:568)
at org.testng.internal.MethodInvocationHelper.invokeMethod(MethodInvocationHelper.java:133)
at org.testng.internal.TestInvoker.invokeMethod(TestInvoker.java:598)
at org.testng.internal.TestInvoker.invokeTestMethod(TestInvoker.java:173)
at org.testng.internal.MethodRunner.runInSequence(MethodRunner.java:46)
at org.testng.internal.TestInvoker$MethodInvocationAgent.invoke(TestInvoker.java:824)
at org.testng.internal.TestInvoker.invokeTestMethods(TestInvoker.java:146)
at org.testng.internal.TestMethodWorker.invokeTestMethods(TestMethodWorker.java:146)
at org.testng.internal.TestMethodWorker.run(TestMethodWorker.java:128)
at java.base/java.util.ArrayList.forEach(ArrayList.java:1511)
at org.testng.TestRunner.privateRun(TestRunner.java:794)
at org.testng.TestRunner.run(TestRunner.java:596)
at org.testng.SuiteRunner.runTest(SuiteRunner.java:377)
at org.testng.SuiteRunner.runSequentially(SuiteRunner.java:371)
at org.testng.SuiteRunner.privateRun(SuiteRunner.java:332)
at org.testng.SuiteRunner.run(SuiteRunner.java:276)
at org.testng.SuiteRunnerWorker.runSuite(SuiteRunnerWorker.java:53)
at org.testng.SuiteRunnerWorker.run(SuiteRunnerWorker.java:96)
at org.testng.TestNG.runSuitesSequentially(TestNG.java:1212)
at org.testng.TestNG.runSuitesLocally(TestNG.java:1134)
at org.testng.TestNG.runSuites(TestNG.java:1063)
at org.testng.TestNG.run(TestNG.java:1031)
at org.testng.remote.AbstractRemoteTestNG.run(AbstractRemoteTestNG.java:115)
at org.testng.remote.RemoteTestNG.initAndRun(RemoteTestNG.java:251)
at org.testng.remote.RemoteTestNG.main(RemoteTestNG.java:77)
]]>
            </full-stacktrace>
          </exception> <!-- org.openqa.selenium.ElementNotInteractableException -->
          <reporter-output>
          </reporter-output>
        </test-method> <!-- verifylogoutFunctionality -->
        <test-method is-config="true" signature="teardown()[pri:0, instance:com.Saucdemo.Testclass.TestClassLogoutFunctonality@2df9b86]" started-at="2022-10-08T07:09:55 IST" name="teardown" finished-at="2022-10-08T07:09:57 IST" duration-ms="1568" status="PASS">
          <reporter-output>
          </reporter-output>
        </test-method> <!-- teardown -->
      </class> <!-- com.Saucdemo.Testclass.TestClassLogoutFunctonality -->
      <class name="com.Saucdemo.Testclass.TestClassmultipleElementaddtocart">
        <test-method is-config="true" signature="setup(java.lang.String)[pri:0, instance:com.Saucdemo.Testclass.TestClassmultipleElementaddtocart@22ef9844]" started-at="2022-10-08T07:10:52 IST" name="setup" finished-at="2022-10-08T07:10:58 IST" duration-ms="5941" status="PASS">
          <params>
            <param index="0">
              <value>
                <![CDATA[firefox]]>
              </value>
            </param>
          </params>
          <reporter-output>
          </reporter-output>
        </test-method> <!-- setup -->
        <test-method signature="verifyaddmultipleproduct()[pri:0, instance:com.Saucdemo.Testclass.TestClassmultipleElementaddtocart@22ef9844]" started-at="2022-10-08T07:10:58 IST" name="verifyaddmultipleproduct" finished-at="2022-10-08T07:10:59 IST" duration-ms="1434" status="PASS">
          <reporter-output>
          </reporter-output>
        </test-method> <!-- verifyaddmultipleproduct -->
        <test-method is-config="true" signature="teardown()[pri:0, instance:com.Saucdemo.Testclass.TestClassmultipleElementaddtocart@22ef9844]" started-at="2022-10-08T07:10:59 IST" name="teardown" finished-at="2022-10-08T07:11:01 IST" duration-ms="1565" status="PASS">
          <reporter-output>
          </reporter-output>
        </test-method> <!-- teardown -->
      </class> <!-- com.Saucdemo.Testclass.TestClassmultipleElementaddtocart -->
      <class name="com.Saucdemo.Testclass.TestClassAplyTheFilter">
        <test-method is-config="true" signature="setup(java.lang.String)[pri:0, instance:com.Saucdemo.Testclass.TestClassAplyTheFilter@35aea049]" started-at="2022-10-08T07:09:57 IST" name="setup" finished-at="2022-10-08T07:10:03 IST" duration-ms="6810" status="PASS">
          <params>
            <param index="0">
              <value>
                <![CDATA[firefox]]>
              </value>
            </param>
          </params>
          <reporter-output>
          </reporter-output>
        </test-method> <!-- setup -->
        <test-method signature="verifyfilteraply()[pri:0, instance:com.Saucdemo.Testclass.TestClassAplyTheFilter@35aea049]" started-at="2022-10-08T07:10:03 IST" name="verifyfilteraply" finished-at="2022-10-08T07:10:05 IST" duration-ms="1834" status="FAIL">
          <exception class="java.lang.AssertionError">
            <message>
              <![CDATA[expected [Name (A to Z)
Name (Z to A)
Price (low to high)
Price (high to low)] but found [Price (high to low)]]]]>
            </message>
            <full-stacktrace>
              <![CDATA[java.lang.AssertionError: expected [Name (A to Z)
Name (Z to A)
Price (low to high)
Price (high to low)] but found [Price (high to low)]]
at org.testng.Assert.fail(Assert.java:99)
at org.testng.Assert.failNotEquals(Assert.java:1037)
at org.testng.Assert.assertEqualsImpl(Assert.java:140)
at org.testng.Assert.assertEquals(Assert.java:122)
at org.testng.Assert.assertEquals(Assert.java:629)
at org.testng.Assert.assertEquals(Assert.java:639)
at com.Saucdemo.Testclass.TestClassAplyTheFilter.verifyfilteraply(TestClassAplyTheFilter.java:32)
at java.base/jdk.internal.reflect.NativeMethodAccessorImpl.invoke0(Native Method)
at java.base/jdk.internal.reflect.NativeMethodAccessorImpl.invoke(NativeMethodAccessorImpl.java:77)
at java.base/jdk.internal.reflect.DelegatingMethodAccessorImpl.invoke(DelegatingMethodAccessorImpl.java:43)
at java.base/java.lang.reflect.Method.invoke(Method.java:568)
at org.testng.internal.MethodInvocationHelper.invokeMethod(MethodInvocationHelper.java:133)
at org.testng.internal.TestInvoker.invokeMethod(TestInvoker.java:598)
at org.testng.internal.TestInvoker.invokeTestMethod(TestInvoker.java:173)
at org.testng.internal.MethodRunner.runInSequence(MethodRunner.java:46)
at org.testng.internal.TestInvoker$MethodInvocationAgent.invoke(TestInvoker.java:824)
at org.testng.internal.TestInvoker.invokeTestMethods(TestInvoker.java:146)
at org.testng.internal.TestMethodWorker.invokeTestMethods(TestMethodWorker.java:146)
at org.testng.internal.TestMethodWorker.run(TestMethodWorker.java:128)
at java.base/java.util.ArrayList.forEach(ArrayList.java:1511)
at org.testng.TestRunner.privateRun(TestRunner.java:794)
at org.testng.TestRunner.run(TestRunner.java:596)
at org.testng.SuiteRunner.runTest(SuiteRunner.java:377)
at org.testng.SuiteRunner.runSequentially(SuiteRunner.java:371)
at org.testng.SuiteRunner.privateRun(SuiteRunner.java:332)
at org.testng.SuiteRunner.run(SuiteRunner.java:276)
at org.testng.SuiteRunnerWorker.runSuite(SuiteRunnerWorker.java:53)
at org.testng.SuiteRunnerWorker.run(SuiteRunnerWorker.java:96)
at org.testng.TestNG.runSuitesSequentially(TestNG.java:1212)
at org.testng.TestNG.runSuitesLocally(TestNG.java:1134)
at org.testng.TestNG.runSuites(TestNG.java:1063)
at org.testng.TestNG.run(TestNG.java:1031)
at org.testng.remote.AbstractRemoteTestNG.run(AbstractRemoteTestNG.java:115)
at org.testng.remote.RemoteTestNG.initAndRun(RemoteTestNG.java:251)
at org.testng.remote.RemoteTestNG.main(RemoteTestNG.java:77)
]]>
            </full-stacktrace>
          </exception> <!-- java.lang.AssertionError -->
          <reporter-output>
          </reporter-output>
        </test-method> <!-- verifyfilteraply -->
        <test-method is-config="true" signature="teardown()[pri:0, instance:com.Saucdemo.Testclass.TestClassAplyTheFilter@35aea049]" started-at="2022-10-08T07:10:05 IST" name="teardown" finished-at="2022-10-08T07:10:08 IST" duration-ms="2739" status="PASS">
          <reporter-output>
          </reporter-output>
        </test-method> <!-- teardown -->
      </class> <!-- com.Saucdemo.Testclass.TestClassAplyTheFilter -->
      <class name="com.Saucdemo.Testclass.TestClassLoginfunctionality">
        <test-method is-config="true" signature="setup(java.lang.String)[pri:0, instance:com.Saucdemo.Testclass.TestClassLoginfunctionality@6283d8b8]" started-at="2022-10-08T07:11:01 IST" name="setup" finished-at="2022-10-08T07:11:07 IST" duration-ms="6089" status="PASS">
          <params>
            <param index="0">
              <value>
                <![CDATA[firefox]]>
              </value>
            </param>
          </params>
          <reporter-output>
          </reporter-output>
        </test-method> <!-- setup -->
        <test-method signature="verifyloginfunctionality()[pri:0, instance:com.Saucdemo.Testclass.TestClassLoginfunctionality@6283d8b8]" started-at="2022-10-08T07:11:07 IST" name="verifyloginfunctionality" finished-at="2022-10-08T07:11:07 IST" duration-ms="7" status="PASS">
          <reporter-output>
          </reporter-output>
        </test-method> <!-- verifyloginfunctionality -->
        <test-method is-config="true" signature="teardown()[pri:0, instance:com.Saucdemo.Testclass.TestClassLoginfunctionality@6283d8b8]" started-at="2022-10-08T07:11:07 IST" name="teardown" finished-at="2022-10-08T07:11:09 IST" duration-ms="1822" status="PASS">
          <reporter-output>
          </reporter-output>
        </test-method> <!-- teardown -->
      </class> <!-- com.Saucdemo.Testclass.TestClassLoginfunctionality -->
    </test> <!-- firefoxtest -->
  </suite> <!-- Suite -->
</testng-results>
